20-04-2022 19:38:29 [32minfo[39m: [32mAplicação online[39m
20-04-2022 19:40:33 [32minfo[39m: [32mAplicação online[39m
20-04-2022 19:43:11 - [32minfo[39m: [32mAplicação online[39m
20-04-2022 19:50:34 - [32minfo[39m: [32mAplicação online[39m
20-04-2022 19:50:40 - [32minfo[39m: [32mAplicação online[39m
20-04-2022 19:50:57 - [32minfo[39m: [32mAplicação online[39m
20-04-2022 19:51:04 - [32minfo[39m: [32mAplicação online[39m
20-04-2022 19:51:18 - [32minfo[39m: [32mAplicação online[39m
20-04-2022 19:51:19 - [32minfo[39m: [32mAplicação online[39m
20-04-2022 19:51:52 - [32minfo[39m: [32mAplicação online[39m
20-04-2022 19:51:56 - [32minfo[39m: [32mAplicação online[39m
20-04-2022 19:51:58 - [32minfo[39m: [32mAplicação online[39m
20-04-2022 19:52:01 - [32minfo[39m: [32mAplicação online[39m
20-04-2022 19:52:08 - [32minfo[39m: [32mAplicação online[39m
20-04-2022 19:52:15 - [32minfo[39m: [32mAplicação online[39m
20-04-2022 19:52:17 - [32minfo[39m: [32mAplicação online[39m
20-04-2022 19:52:27 - [32minfo[39m: [32mAplicação online[39m
20-04-2022 19:52:31 - [32minfo[39m: [32mAplicação online[39m
20-04-2022 19:52:57 - [32minfo[39m: [32mAplicação online[39m
20-04-2022 19:53:03 - [32minfo[39m: [32mAplicação online[39m
20-04-2022 19:53:26 - [32minfo[39m: [32mAplicação online[39m
20-04-2022 19:53:39 - [32minfo[39m: [32mAplicação online[39m
20-04-2022 19:53:44 - [32minfo[39m: [32mAplicação online[39m
20-04-2022 19:53:46 - [32minfo[39m: [32mAplicação online[39m
20-04-2022 19:53:48 - [32minfo[39m: [32mAplicação online[39m
20-04-2022 19:53:50 - [32minfo[39m: [32mAplicação online[39m
20-04-2022 19:54:20 - [32minfo[39m: [32mAplicação online[39m
20-04-2022 19:54:59 - [32minfo[39m: [32mAplicação online[39m
20-04-2022 19:55:07 - [32minfo[39m: [32mAplicação online[39m
20-04-2022 19:55:11 - [32minfo[39m: [32mAplicação online[39m
20-04-2022 19:55:15 - [32minfo[39m: [32mAplicação online[39m
20-04-2022 19:55:19 - [32minfo[39m: [32mAplicação online[39m
20-04-2022 19:55:25 - [32minfo[39m: [32mAplicação online[39m
20-04-2022 19:55:35 - [32minfo[39m: [32mAplicação online[39m
20-04-2022 19:55:40 - [32minfo[39m: [32mAplicação online[39m
20-04-2022 19:55:46 - [32minfo[39m: [32mAplicação online[39m
20-04-2022 19:55:48 - [32minfo[39m: [32mAplicação online[39m
20-04-2022 19:56:25 - [32minfo[39m: [32mAplicação online[39m
20-04-2022 19:56:29 - [32minfo[39m: [32mAplicação online[39m
20-04-2022 19:56:31 - [32minfo[39m: [32mAplicação online[39m
20-04-2022 19:56:38 - [32minfo[39m: [32mAplicação online[39m
20-04-2022 20:01:11 - [32minfo[39m: [32mUsuario undefined cadastrado com sucesso[39m
20-04-2022 20:02:42 - [32minfo[39m: [32mUsuario undefined cadastrado com sucesso[39m
20-04-2022 20:02:44 - [32minfo[39m: [32mUsuario undefined cadastrado com sucesso[39m
20-04-2022 20:02:45 - [32minfo[39m: [32mUsuario undefined cadastrado com sucesso[39m
20-04-2022 20:05:37 - [32minfo[39m: [32mAplicação online[39m
20-04-2022 20:06:16 - [32minfo[39m: [32mAplicação online[39m
20-04-2022 20:06:54 - [32minfo[39m: [32mAplicação online[39m
20-04-2022 20:07:31 - [32minfo[39m: [32mAplicação online[39m
20-04-2022 20:07:49 - [32minfo[39m: [32mAplicação online[39m
20-04-2022 20:07:57 - [32minfo[39m: [32mAplicação online[39m
20-04-2022 20:08:09 - [32minfo[39m: [32mAplicação online[39m
20-04-2022 20:08:11 - [32minfo[39m: [32mAplicação online[39m
20-04-2022 20:08:16 - [32minfo[39m: [32mAplicação online[39m
20-04-2022 20:08:21 - [32minfo[39m: [32mAplicação online[39m
20-04-2022 20:09:26 - [32minfo[39m: [32mAplicação online[39m
20-04-2022 20:10:48 - [32minfo[39m: [32mAplicação online[39m
20-04-2022 20:11:24 - [32minfo[39m: [32mAplicação online[39m
20-04-2022 20:11:32 - [32minfo[39m: [32mAplicação online[39m
20-04-2022 20:11:34 - [32minfo[39m: [32mAplicação online[39m
20-04-2022 20:11:37 - [32minfo[39m: [32mAplicação online[39m
20-04-2022 20:11:43 - [32minfo[39m: [32mAplicação online[39m
20-04-2022 20:11:46 - [32minfo[39m: [32mAplicação online[39m
20-04-2022 20:12:19 - [32minfo[39m: [32mAplicação online[39m
20-04-2022 20:12:24 - [32minfo[39m: [32mAplicação online[39m
20-04-2022 20:12:26 - [32minfo[39m: [32mAplicação online[39m
20-04-2022 20:12:31 - [32minfo[39m: [32mAplicação online[39m
20-04-2022 20:13:29 - [32minfo[39m: [32mAplicação online[39m
20-04-2022 20:13:33 - [32minfo[39m: [32mAplicação online[39m
20-04-2022 20:13:38 - [32minfo[39m: [32mAplicação online[39m
20-04-2022 20:13:49 - [32minfo[39m: [32mUsuario undefined cadastrado com sucesso[39m
20-04-2022 20:14:08 - [32minfo[39m: [32mAplicação online[39m
20-04-2022 20:14:09 - [32minfo[39m: [32mUsuario undefined cadastrado com sucesso[39m
20-04-2022 20:14:54 - [32minfo[39m: [32mAplicação online[39m
20-04-2022 20:14:56 - [32minfo[39m: [32mUsuario undefined cadastrado com sucesso[39m
20-04-2022 20:15:10 - [32minfo[39m: [32mAplicação online[39m
20-04-2022 20:15:11 - [32minfo[39m: [32mUsuario undefined cadastrado com sucesso[39m
20-04-2022 20:16:51 - [32minfo[39m: [32mAplicação online[39m
20-04-2022 20:18:21 - [32minfo[39m: [32mAplicação online[39m
20-04-2022 20:18:50 - [32minfo[39m: [32mAplicação online[39m
20-04-2022 20:20:40 - [32minfo[39m: [32mUsuario undefined cadastrado com sucesso[39m
20-04-2022 20:21:49 - [32minfo[39m: [32mAplicação online[39m
20-04-2022 20:21:51 - [32minfo[39m: [32mAplicação online[39m
20-04-2022 20:21:52 - [32minfo[39m: [32mUsuario undefined cadastrado com sucesso[39m
20-04-2022 20:22:11 - [32minfo[39m: [32mAplicação online[39m
20-04-2022 20:22:14 - [32minfo[39m: [32mAplicação online[39m
20-04-2022 20:22:17 - [32minfo[39m: [32mAplicação online[39m
20-04-2022 20:22:28 - [32minfo[39m: [32mUsuario undefined cadastrado com sucesso[39m
20-04-2022 20:22:35 - [32minfo[39m: [32mUsuario undefined cadastrado com sucesso[39m
20-04-2022 20:23:04 - [32minfo[39m: [32mAplicação online[39m
20-04-2022 20:36:18 - [32minfo[39m: [32mAplicação online[39m
20-04-2022 20:38:29 - [32minfo[39m: [32mAcesso liberado[39m
20-04-2022 20:39:50 - [32minfo[39m: [32mAplicação online[39m
20-04-2022 20:39:54 - [31merror[39m: [31mEmail ou senha inválidos[39m
20-04-2022 20:43:48 - [31merror[39m: [31mEmail ou senha inválidos[39m
20-04-2022 20:43:51 - [31merror[39m: [31mEmail ou senha inválidos[39m
20-04-2022 20:43:52 - [31merror[39m: [31mEmail ou senha inválidos[39m
20-04-2022 20:43:52 - [31merror[39m: [31mEmail ou senha inválidos[39m
20-04-2022 20:43:52 - [31merror[39m: [31mEmail ou senha inválidos[39m
20-04-2022 20:43:53 - [31merror[39m: [31mEmail ou senha inválidos[39m
20-04-2022 20:43:53 - [31merror[39m: [31mEmail ou senha inválidos[39m
20-04-2022 20:43:53 - [31merror[39m: [31mEmail ou senha inválidos[39m
20-04-2022 20:43:53 - [31merror[39m: [31mEmail ou senha inválidos[39m
20-04-2022 20:43:53 - [31merror[39m: [31mEmail ou senha inválidos[39m
20-04-2022 20:43:54 - [31merror[39m: [31mEmail ou senha inválidos[39m
20-04-2022 20:44:23 - [32minfo[39m: [32mAcesso liberado[39m
20-04-2022 20:47:50 - [32minfo[39m: [32mAplicação online[39m
20-04-2022 20:51:04 - [32minfo[39m: [32mAplicação online[39m
20-04-2022 20:51:57 - [32minfo[39m: [32mAplicação online[39m
20-04-2022 20:52:03 - [32minfo[39m: [32mUsuario não encontrado[39m
20-04-2022 20:52:17 - [32minfo[39m: [32mAplicação online[39m
20-04-2022 20:52:17 - [31merror[39m: [31mUsuario não encontrado[39m
20-04-2022 20:52:29 - [32minfo[39m: [32mUsuario deletado com sucesso[39m
20-04-2022 20:57:03 - [32minfo[39m: [32mAplicação online[39m
20-04-2022 20:57:48 - [32minfo[39m: [32mAplicação online[39m
20-04-2022 20:58:51 - [32minfo[39m: [32mAcesso liberado[39m
20-04-2022 21:01:59 - [32minfo[39m: [32mAplicação online[39m
20-04-2022 21:03:30 - [32minfo[39m: [32mAplicação online[39m
20-04-2022 21:05:20 - [32minfo[39m: [32mAplicação online[39m
20-04-2022 21:09:31 - [32minfo[39m: [32mAplicação online[39m
20-04-2022 21:11:33 - [32minfo[39m: [32mAplicação online[39m
20-04-2022 21:12:25 - [32minfo[39m: [32mAplicação online[39m
20-04-2022 21:20:11 - [32minfo[39m: [32mAplicação online[39m
20-04-2022 21:25:05 - [32minfo[39m: [32mAplicação online[39m
20-04-2022 21:31:22 - [32minfo[39m: [32mAplicação online[39m
20-04-2022 21:32:29 - [32minfo[39m: [32mAcesso liberado[39m
20-04-2022 21:33:21 - [32minfo[39m: [32mSucesso na requisição[39m
20-04-2022 21:35:40 - [32minfo[39m: [32mAplicação online[39m
20-04-2022 21:37:40 - [32minfo[39m: [32mCidade [object SequelizeInstance:City] trazido com sucesso[39m
20-04-2022 21:38:21 - [32minfo[39m: [32mAplicação online[39m
20-04-2022 21:38:22 - [32minfo[39m: [32mCidade undefined trazido com sucesso[39m
20-04-2022 21:38:27 - [32minfo[39m: [32mCidade undefined trazido com sucesso[39m
20-04-2022 21:38:53 - [32minfo[39m: [32mAplicação online[39m
20-04-2022 21:38:57 - [32minfo[39m: [32mCidade trazido com sucesso[39m
20-04-2022 21:39:31 - [32minfo[39m: [32mAplicação online[39m
20-04-2022 21:39:51 - [32minfo[39m: [32mCidade trazido com sucesso[39m
20-04-2022 21:42:05 - [32minfo[39m: [32mAplicação online[39m
21-04-2022 08:10:59 - [32minfo[39m: [32mAplicação online[39m
21-04-2022 08:11:49 - [32minfo[39m: [32mUsuario undefined cadastrado com sucesso[39m
21-04-2022 08:12:57 - [32minfo[39m: [32mAplicação online[39m
21-04-2022 08:12:59 - [32minfo[39m: [32mAplicação online[39m
21-04-2022 08:13:02 - [31merror[39m: [31mErro na aplicação: dbConfig is not defined - status: undefined[39m
21-04-2022 08:13:26 - [32minfo[39m: [32mAplicação online[39m
21-04-2022 08:13:29 - [32minfo[39m: [32mUsuario undefined cadastrado com sucesso[39m
21-04-2022 08:37:16 - [32minfo[39m: [32mAplicação online[39m
21-04-2022 08:38:32 - [32minfo[39m: [32mUsuario undefined cadastrado com sucesso[39m
21-04-2022 08:38:52 - [32minfo[39m: [32mUsuario undefined cadastrado com sucesso[39m
21-04-2022 08:39:05 - [32minfo[39m: [32mAplicação online[39m
21-04-2022 08:39:08 - [32minfo[39m: [32mUsuario undefined cadastrado com sucesso[39m
21-04-2022 08:39:41 - [32minfo[39m: [32mAplicação online[39m
21-04-2022 08:39:43 - [32minfo[39m: [32mUsuario undefined cadastrado com sucesso[39m
21-04-2022 08:40:15 - [32minfo[39m: [32mAplicação online[39m
21-04-2022 08:40:17 - [32minfo[39m: [32mUsuario undefined cadastrado com sucesso[39m
21-04-2022 08:40:33 - [32minfo[39m: [32mUsuario undefined cadastrado com sucesso[39m
21-04-2022 08:40:39 - [32minfo[39m: [32mAplicação online[39m
21-04-2022 08:40:42 - [32minfo[39m: [32mUsuario undefined cadastrado com sucesso[39m
21-04-2022 08:41:13 - [32minfo[39m: [32mAplicação online[39m
21-04-2022 08:41:15 - [32minfo[39m: [32mUsuario undefined cadastrado com sucesso[39m
21-04-2022 08:41:18 - [32minfo[39m: [32mUsuario undefined cadastrado com sucesso[39m
21-04-2022 08:42:37 - [32minfo[39m: [32mAplicação online[39m
21-04-2022 08:51:42 - [32minfo[39m: [32mAplicação online[39m
21-04-2022 08:52:29 - [32minfo[39m: [32mAcesso liberado[39m
21-04-2022 08:54:02 - [32minfo[39m: [32mVenda registrada[39m
21-04-2022 08:54:52 - [32minfo[39m: [32mVenda criada[39m
21-04-2022 08:56:57 - [32minfo[39m: [32mVenda criada[39m
21-04-2022 08:57:00 - [32minfo[39m: [32mVenda criada[39m
21-04-2022 08:57:00 - [32minfo[39m: [32mVenda criada[39m
21-04-2022 08:57:30 - [32minfo[39m: [32mVenda registrada[39m
21-04-2022 09:00:56 - [32minfo[39m: [32mUsuario undefined cadastrado com sucesso[39m
21-04-2022 09:02:07 - [32minfo[39m: [32mUsuario undefined cadastrado com sucesso[39m
21-04-2022 09:03:53 - [32minfo[39m: [32mAplicação online[39m
21-04-2022 09:05:20 - [32minfo[39m: [32mAcesso liberado[39m
21-04-2022 09:05:51 - [32minfo[39m: [32mUsuario deletado com sucesso[39m
21-04-2022 09:06:11 - [32minfo[39m: [32mUsuario undefined cadastrado com sucesso[39m
21-04-2022 09:06:28 - [32minfo[39m: [32mUsuario undefined cadastrado com sucesso[39m
21-04-2022 09:07:23 - [32minfo[39m: [32mUsuario undefined cadastrado com sucesso[39m
21-04-2022 09:07:52 - [32minfo[39m: [32mUsuario undefined cadastrado com sucesso[39m
21-04-2022 09:11:24 - [32minfo[39m: [32mAplicação online[39m
21-04-2022 09:11:40 - [32minfo[39m: [32mAplicação online[39m
21-04-2022 09:12:22 - [32minfo[39m: [32mAplicação online[39m
21-04-2022 09:12:54 - [32minfo[39m: [32mAplicação online[39m
21-04-2022 09:12:55 - [32minfo[39m: [32mAcesso liberado[39m
21-04-2022 09:13:12 - [32minfo[39m: [32mAplicação online[39m
21-04-2022 09:13:13 - [32minfo[39m: [32mUsuario encontrado[39m
21-04-2022 09:14:19 - [32minfo[39m: [32mAplicação online[39m
21-04-2022 09:14:27 - [32minfo[39m: [32mUsuario encontrado[39m
21-04-2022 09:14:44 - [31merror[39m: [31mErro na requisição ou usuario inexistente[39m
21-04-2022 09:18:09 - [31merror[39m: [31mEmail ou senha inválidos[39m
21-04-2022 09:18:55 - [32minfo[39m: [32mUsuario undefined cadastrado com sucesso[39m
21-04-2022 09:19:02 - [32minfo[39m: [32mAplicação online[39m
21-04-2022 09:19:04 - [32minfo[39m: [32mUsuario cadastrado com sucesso[39m
21-04-2022 09:19:42 - [32minfo[39m: [32mUsuario cadastrado com sucesso[39m
21-04-2022 09:23:07 - [32minfo[39m: [32mAplicação online[39m
21-04-2022 09:23:57 - [32minfo[39m: [32mAplicação online[39m
21-04-2022 09:24:21 - [32minfo[39m: [32mAplicação online[39m
21-04-2022 09:32:55 - [32minfo[39m: [32mAplicação online[39m
21-04-2022 09:33:27 - [32minfo[39m: [32mAplicação online[39m
21-04-2022 09:34:20 - [32minfo[39m: [32mAplicação online[39m
21-04-2022 09:34:49 - [32minfo[39m: [32mAplicação online[39m
21-04-2022 09:34:58 - [32minfo[39m: [32mSucesso na requisição[39m
21-04-2022 09:35:12 - [32minfo[39m: [32mAplicação online[39m
21-04-2022 09:35:12 - [32minfo[39m: [32mEndereço encontrado com sucesso![39m
21-04-2022 09:36:22 - [32minfo[39m: [32mEndereço encontrado com sucesso![39m
21-04-2022 09:37:10 - [32minfo[39m: [32mAplicação online[39m
21-04-2022 09:38:40 - [32minfo[39m: [32mAplicação online[39m
21-04-2022 09:38:48 - [32minfo[39m: [32mEndereço alterado com sucesso![39m
21-04-2022 09:39:10 - [32minfo[39m: [32mEndereço alterado com sucesso![39m
21-04-2022 09:40:15 - [32minfo[39m: [32mAplicação online[39m
21-04-2022 09:40:18 - [31merror[39m: [31mEndereço não localizado![39m
21-04-2022 09:40:33 - [31merror[39m: [31mEndereço não localizado![39m
21-04-2022 09:42:35 - [32minfo[39m: [32mAplicação online[39m
21-04-2022 09:42:37 - [31merror[39m: [31mEndereço não encontrado![39m
21-04-2022 09:43:16 - [32minfo[39m: [32mAplicação online[39m
21-04-2022 09:43:38 - [31merror[39m: [31mEndereço não encontrado![39m
21-04-2022 09:44:05 - [31merror[39m: [31mEndereço não encontrado![39m
21-04-2022 09:45:41 - [32minfo[39m: [32mAplicação online[39m
21-04-2022 09:45:47 - [32minfo[39m: [32mEndereço deletado com sucesso[39m
21-04-2022 09:50:47 - [32minfo[39m: [32mAplicação online[39m
21-04-2022 09:51:49 - [32minfo[39m: [32mAplicação online[39m
21-04-2022 09:51:52 - [32minfo[39m: [32mCidade não localizada[39m
21-04-2022 09:52:03 - [32minfo[39m: [32mAplicação online[39m
21-04-2022 09:52:58 - [32minfo[39m: [32mAplicação online[39m
21-04-2022 09:53:00 - [31merror[39m: [31mCidade não localizada[39m
21-04-2022 09:53:11 - [31merror[39m: [31mCidade não localizada[39m
21-04-2022 09:53:18 - [31merror[39m: [31mCidade não localizada[39m
21-04-2022 09:59:28 - [31merror[39m: [31mCidade não localizada[39m
21-04-2022 10:00:13 - [31merror[39m: [31mCidade não localizada[39m
21-04-2022 10:03:23 - [32minfo[39m: [32mAplicação online[39m
21-04-2022 10:03:29 - [32minfo[39m: [32mEndereço adicionado[39m
21-04-2022 10:05:26 - [32minfo[39m: [32mSucesso na requisição[39m
21-04-2022 10:07:40 - [32minfo[39m: [32mAplicação online[39m
21-04-2022 10:07:41 - [32minfo[39m: [32mSucesso na requisição de trazer os endereços do banco[39m
21-04-2022 10:08:24 - [32minfo[39m: [32mSucesso na requisição[39m
21-04-2022 10:08:49 - [32minfo[39m: [32mSucesso na requisição[39m
21-04-2022 10:08:56 - [32minfo[39m: [32mAplicação online[39m
21-04-2022 10:08:57 - [32minfo[39m: [32mSucesso na requisição de trazer o estado pelo id[39m
21-04-2022 10:09:52 - [32minfo[39m: [32mAplicação online[39m
21-04-2022 10:09:55 - [31merror[39m: [31mNão existe estado com este id[39m
21-04-2022 10:11:27 - [32minfo[39m: [32mCidade trazido com sucesso[39m
21-04-2022 10:11:49 - [32minfo[39m: [32mAplicação online[39m
21-04-2022 10:12:34 - [32minfo[39m: [32mAplicação online[39m
21-04-2022 10:12:36 - [31merror[39m: [31merro na requisição de trazer cidade[39m
21-04-2022 10:12:55 - [32minfo[39m: [32mAplicação online[39m
21-04-2022 10:12:57 - [31merror[39m: [31mEstado não encontrado[39m
21-04-2022 10:14:13 - [32minfo[39m: [32mRequisição com sucesso[39m
21-04-2022 10:15:27 - [32minfo[39m: [32mAplicação online[39m
21-04-2022 10:15:49 - [32minfo[39m: [32mAdicionado cidade no estado requerido[39m
21-04-2022 10:16:29 - [32minfo[39m: [32mAplicação online[39m
21-04-2022 10:16:31 - [32minfo[39m: [32mJa existe esta cidade neste estado[39m
21-04-2022 10:16:43 - [32minfo[39m: [32mAplicação online[39m
21-04-2022 10:16:44 - [31merror[39m: [31mJa existe esta cidade neste estado[39m
21-04-2022 10:19:54 - [32minfo[39m: [32mAplicação online[39m
21-04-2022 10:19:57 - [32minfo[39m: [32mseller_id não existe[39m
21-04-2022 10:20:09 - [32minfo[39m: [32mAplicação online[39m
21-04-2022 10:20:10 - [31merror[39m: [31mseller_id não existe[39m
21-04-2022 10:20:21 - [31merror[39m: [31mseller_id não existe[39m
21-04-2022 10:20:26 - [32minfo[39m: [32mVenda encontrada[39m
21-04-2022 10:21:02 - [32minfo[39m: [32mVenda encontrada[39m
21-04-2022 10:21:34 - [32minfo[39m: [32mVenda encontrada[39m
21-04-2022 10:23:30 - [32minfo[39m: [32mVenda encontrada[39m
21-04-2022 10:25:01 - [32minfo[39m: [32mAplicação online[39m
21-04-2022 10:25:04 - [31merror[39m: [31mbuyer_id inexistente[39m
21-04-2022 10:28:03 - [32minfo[39m: [32mAplicação online[39m
21-04-2022 10:28:06 - [31merror[39m: [31merro ao criar a venda[39m
21-04-2022 10:29:12 - [32minfo[39m: [32mAplicação online[39m
21-04-2022 10:29:14 - [31merror[39m: [31mUsuario não existe[39m
21-04-2022 10:29:22 - [32minfo[39m: [32mVenda criada[39m
21-04-2022 10:30:13 - [32minfo[39m: [32mAplicação online[39m
21-04-2022 10:30:15 - [32minfo[39m: [32mVenda Localizada[39m
21-04-2022 10:30:43 - [32minfo[39m: [32mAplicação online[39m
21-04-2022 10:30:47 - [31merror[39m: [31mUsuario não existe[39m
21-04-2022 10:30:52 - [31merror[39m: [31mUsuario não existe[39m
21-04-2022 10:30:59 - [32minfo[39m: [32mVenda Localizada[39m
21-04-2022 10:31:08 - [31merror[39m: [31mUsuario não existe[39m
21-04-2022 10:31:21 - [32minfo[39m: [32mEste usuario não possui vendas[39m
21-04-2022 10:32:38 - [32minfo[39m: [32mAplicação online[39m
21-04-2022 10:33:08 - [32minfo[39m: [32mAplicação online[39m
21-04-2022 10:35:48 - [32minfo[39m: [32mSucesso na requisição[39m
21-04-2022 10:36:21 - [32minfo[39m: [32mAplicação online[39m
21-04-2022 10:36:24 - [32minfo[39m: [32mSucesso na requisição de encontarr compra[39m
21-04-2022 10:37:07 - [32minfo[39m: [32mAplicação online[39m
21-04-2022 10:37:11 - [31merror[39m: [31merro [39m
21-04-2022 10:37:23 - [32minfo[39m: [32mAplicação online[39m
21-04-2022 10:37:56 - [31merror[39m: [31mErro na requisição[39m
21-04-2022 10:39:31 - [32minfo[39m: [32mAplicação online[39m
21-04-2022 10:39:32 - [31merror[39m: [31mseller_id não existe[39m
21-04-2022 10:39:41 - [32minfo[39m: [32mVenda registrada[39m
21-04-2022 11:03:28 - [32minfo[39m: [32mCargo criado com sucesso.[39m
21-04-2022 11:04:16 - [31merror[39m: [31merro ao criar cargo.[39m
21-04-2022 11:04:57 - [32minfo[39m: [32mSucesso na requisição[39m
21-04-2022 11:06:01 - [32minfo[39m: [32mPermissões vinculadas com sucesso.[39m
21-04-2022 11:10:12 - [32minfo[39m: [32mAplicação online[39m
21-04-2022 11:12:54 - [32minfo[39m: [32mAplicação online[39m
21-04-2022 11:13:21 - [32minfo[39m: [32mAplicação online[39m
21-04-2022 11:13:35 - [32minfo[39m: [32mAplicação online[39m
21-04-2022 11:14:28 - [31merror[39m: [31msales_id não existe[39m
21-04-2022 11:15:58 - [32minfo[39m: [32mAplicação online[39m
21-04-2022 11:16:18 - [32minfo[39m: [32mAplicação online[39m
21-04-2022 11:16:42 - [32minfo[39m: [32mAplicação online[39m
21-04-2022 11:17:05 - [32minfo[39m: [32mAplicação online[39m
21-04-2022 11:17:40 - [32minfo[39m: [32mAplicação online[39m
21-04-2022 11:18:42 - [31merror[39m: [31msales_id não existe[39m
21-04-2022 11:21:47 - [32minfo[39m: [32mAplicação online[39m
21-04-2022 11:21:52 - [32minfo[39m: [32mok[39m
21-04-2022 11:22:43 - [32minfo[39m: [32mAplicação online[39m
21-04-2022 11:22:45 - [32minfo[39m: [32mLista de produtos tazida com sucesso[39m
21-04-2022 11:23:50 - [32minfo[39m: [32mAplicação online[39m
21-04-2022 11:24:56 - [32minfo[39m: [32mAplicação online[39m
21-04-2022 11:25:04 - [32minfo[39m: [32mProduto criado com sucesso![39m
21-04-2022 11:25:07 - [32minfo[39m: [32mProduto criado com sucesso![39m
21-04-2022 11:26:01 - [32minfo[39m: [32mAplicação online[39m
21-04-2022 11:26:03 - [31merror[39m: [31mErro ao criar produto[39m
21-04-2022 11:29:07 - [32minfo[39m: [32mAplicação online[39m
21-04-2022 11:29:56 - [32minfo[39m: [32mAplicação online[39m
21-04-2022 11:29:59 - [32minfo[39m: [32mProduto atualizado com sucesso[39m
21-04-2022 11:30:07 - [31merror[39m: [31mO campo name, não foi enviado.[39m
21-04-2022 11:31:10 - [32minfo[39m: [32mAplicação online[39m
21-04-2022 11:31:11 - [32minfo[39m: [32m Alteração realizada[39m
21-04-2022 11:31:44 - [32minfo[39m: [32mAplicação online[39m
21-04-2022 11:31:49 - [31merror[39m: [31mNão existe este produto[39m
21-04-2022 11:33:13 - [32minfo[39m: [32mAplicação online[39m
21-04-2022 11:33:14 - [31merror[39m: [31mProduto não encontrado[39m
21-04-2022 11:33:45 - [32minfo[39m: [32mAplicação online[39m
21-04-2022 11:33:47 - [31merror[39m: [31mProduto não encontrado[39m
21-04-2022 11:33:51 - [31merror[39m: [31mProduto não pode ser deletado, produto já vendido.[39m
21-04-2022 11:33:56 - [32minfo[39m: [32m Produto deletado[39m
21-04-2022 11:36:30 - [32minfo[39m: [32mAplicação online[39m
21-04-2022 11:36:33 - [31merror[39m: [31mA descrição deve ser unica[39m
21-04-2022 11:36:46 - [31merror[39m: [31mA descrição deve ser unica[39m
21-04-2022 11:36:56 - [32minfo[39m: [32mPermissão criado com sucesso.[39m
21-04-2022 11:38:51 - [32minfo[39m: [32mAplicação online[39m
21-04-2022 11:39:50 - [32minfo[39m: [32mAplicação online[39m
21-04-2022 19:46:32 - [32minfo[39m: [32mAplicação online[39m
21-04-2022 19:46:43 - [35mhttp[39m: [35mGET /api/v1/docs/ 304 - - 6.467 ms[39m
[35m[39m
21-04-2022 19:46:43 - [35mhttp[39m: [35mGET /api/v1/docs/swagger-ui-bundle.js 304 - - 4.145 ms[39m
[35m[39m
21-04-2022 19:46:43 - [35mhttp[39m: [35mGET /api/v1/docs/swagger-ui-init.js 304 - - 0.484 ms[39m
[35m[39m
21-04-2022 19:46:43 - [35mhttp[39m: [35mGET /api/v1/docs/swagger-ui.css 304 - - 10.188 ms[39m
[35m[39m
21-04-2022 19:46:43 - [35mhttp[39m: [35mGET /api/v1/docs/swagger-ui-standalone-preset.js 304 - - 6.821 ms[39m
[35m[39m
21-04-2022 19:46:44 - [35mhttp[39m: [35mGET /api/v1/docs/favicon-32x32.png 304 - - 0.939 ms[39m
[35m[39m
21-04-2022 19:46:44 - [35mhttp[39m: [35mGET /api/v1/docs/favicon-32x32.png 304 - - 1.630 ms[39m
[35m[39m
21-04-2022 19:47:42 - [32minfo[39m: [32mAcesso liberado[39m
21-04-2022 19:48:32 - [32minfo[39m: [32mUsuario cadastrado com sucesso[39m
21-04-2022 19:49:10 - [31merror[39m: [31merro ao criar cargo.[39m
21-04-2022 19:49:28 - [32minfo[39m: [32mAcesso liberado[39m
21-04-2022 19:50:59 - [32minfo[39m: [32mAplicação online[39m
21-04-2022 19:51:00 - [35mhttp[39m: [35mGET /api/v1/docs/ 304 - - 5.408 ms[39m
[35m[39m
21-04-2022 19:51:00 - [35mhttp[39m: [35mGET /api/v1/docs/swagger-ui.css 304 - - 6.853 ms[39m
[35m[39m
21-04-2022 19:51:00 - [35mhttp[39m: [35mGET /api/v1/docs/swagger-ui-init.js 304 - - 1.050 ms[39m
[35m[39m
21-04-2022 19:51:00 - [35mhttp[39m: [35mGET /api/v1/docs/swagger-ui-bundle.js 304 - - 6.458 ms[39m
[35m[39m
21-04-2022 19:51:00 - [35mhttp[39m: [35mGET /api/v1/docs/swagger-ui-standalone-preset.js 304 - - 1.070 ms[39m
[35m[39m
21-04-2022 19:51:00 - [35mhttp[39m: [35mGET /api/v1/docs/favicon-32x32.png 304 - - 2.992 ms[39m
[35m[39m
21-04-2022 19:51:01 - [35mhttp[39m: [35mGET /api/v1/docs/favicon-32x32.png 304 - - 1.749 ms[39m
[35m[39m
